Arguments: 
  /usr/local/Cellar/node/11.11.0/bin/node /usr/local/Cellar/yarn/1.9.4/libexec/bin/yarn.js add babylon @bable/traverse @bable/types @bable/generator

PATH: 
  /usr/local/bin:/usr/bin:/bin:/usr/sbin:/sbin:/Applications/VMware Fusion.app/Contents/Public:/Applications/Wireshark.app/Contents/MacOS

Yarn version: 
  1.9.4

Node version: 
  11.11.0

Platform: 
  darwin x64

Trace: 
  Error: https://registry.npm.taobao.org/@bable%2ftraverse: Not found
      at Request.params.callback [as _callback] (/usr/local/Cellar/yarn/1.9.4/libexec/lib/cli.js:64202:18)
      at Request.self.callback (/usr/local/Cellar/yarn/1.9.4/libexec/lib/cli.js:137468:22)
      at Request.emit (events.js:197:13)
      at Request.<anonymous> (/usr/local/Cellar/yarn/1.9.4/libexec/lib/cli.js:138440:10)
      at Request.emit (events.js:197:13)
      at IncomingMessage.<anonymous> (/usr/local/Cellar/yarn/1.9.4/libexec/lib/cli.js:138362:12)
      at Object.onceWrapper (events.js:285:13)
      at IncomingMessage.emit (events.js:202:15)
      at endReadableNT (_stream_readable.js:1132:12)
      at processTicksAndRejections (internal/process/next_tick.js:76:17)

npm manifest: 
  {
    "name": "webpack-modules",
    "version": "1.0.0",
    "main": "index.js",
    "license": "MIT",
    "bin": {
      "webpack-modules": "./bin/zf-pack.js"
    }
  }

yarn manifest: 
  No manifest

Lockfile: 
  No lockfile
